-- Install configuration: ""
-- Up-to-date: /home/itachi/ws/iiwa_ws/install/kuka_description/share/kuka_description//meshes
-- Up-to-date: /home/itachi/ws/iiwa_ws/install/kuka_description/share/kuka_description//meshes/link3.STL
-- Up-to-date: /home/itachi/ws/iiwa_ws/install/kuka_description/share/kuka_description//meshes/link3.DAE
-- Up-to-date: /home/itachi/ws/iiwa_ws/install/kuka_description/share/kuka_description//meshes/link4.DAE
-- Up-to-date: /home/itachi/ws/iiwa_ws/install/kuka_description/share/kuka_description//meshes/link5.DAE
-- Up-to-date: /home/itachi/ws/iiwa_ws/install/kuka_description/share/kuka_description//meshes/link6.STL
-- Up-to-date: /home/itachi/ws/iiwa_ws/install/kuka_description/share/kuka_description//meshes/link6.DAE
-- Up-to-date: /home/itachi/ws/iiwa_ws/install/kuka_description/share/kuka_description//meshes/link1.STL
-- Up-to-date: /home/itachi/ws/iiwa_ws/install/kuka_description/share/kuka_description//meshes/link4.STL
-- Up-to-date: /home/itachi/ws/iiwa_ws/install/kuka_description/share/kuka_description//meshes/link5.STL
-- Up-to-date: /home/itachi/ws/iiwa_ws/install/kuka_description/share/kuka_description//meshes/link2.DAE
-- Up-to-date: /home/itachi/ws/iiwa_ws/install/kuka_description/share/kuka_description//meshes/link7.DAE
-- Up-to-date: /home/itachi/ws/iiwa_ws/install/kuka_description/share/kuka_description//meshes/link7.STL
-- Up-to-date: /home/itachi/ws/iiwa_ws/install/kuka_description/share/kuka_description//meshes/base_link.STL
-- Up-to-date: /home/itachi/ws/iiwa_ws/install/kuka_description/share/kuka_description//meshes/link2.STL
-- Up-to-date: /home/itachi/ws/iiwa_ws/install/kuka_description/share/kuka_description//meshes/link1.DAE
-- Up-to-date: /home/itachi/ws/iiwa_ws/install/kuka_description/share/kuka_description//meshes/base_link.DAE
-- Up-to-date: /home/itachi/ws/iiwa_ws/install/kuka_description/share/kuka_description//urdf
-- Up-to-date: /home/itachi/ws/iiwa_ws/install/kuka_description/share/kuka_description//urdf/kuka_iiwa.xacro
-- Up-to-date: /home/itachi/ws/iiwa_ws/install/kuka_description/share/kuka_description//urdf/lbr_iiwa7_r800.csv
-- Up-to-date: /home/itachi/ws/iiwa_ws/install/kuka_description/share/kuka_description//urdf/kuka_gazebo.xacro
-- Up-to-date: /home/itachi/ws/iiwa_ws/install/kuka_description/share/kuka_description//urdf/lbr_iiwa7_r800.urdf
-- Up-to-date: /home/itachi/ws/iiwa_ws/install/kuka_description/share/kuka_description//config
-- Up-to-date: /home/itachi/ws/iiwa_ws/install/kuka_description/share/kuka_description//config/kuka_controllers.yaml
-- Up-to-date: /home/itachi/ws/iiwa_ws/install/kuka_description/share/kuka_description//config/gazebo_bridge.yaml
-- Up-to-date: /home/itachi/ws/iiwa_ws/install/kuka_description/share/kuka_description//launch
-- Up-to-date: /home/itachi/ws/iiwa_ws/install/kuka_description/share/kuka_description//launch/display.launch.xml
-- Up-to-date: /home/itachi/ws/iiwa_ws/install/kuka_description/share/kuka_description//launch/controllers.launch.xml
-- Up-to-date: /home/itachi/ws/iiwa_ws/install/kuka_description/share/kuka_description//rviz
-- Up-to-date: /home/itachi/ws/iiwa_ws/install/kuka_description/share/kuka_description//rviz/urdf_config.rviz
-- Up-to-date: /home/itachi/ws/iiwa_ws/install/kuka_description/share/ament_index/resource_index/package_run_dependencies/kuka_description
-- Up-to-date: /home/itachi/ws/iiwa_ws/install/kuka_description/share/ament_index/resource_index/parent_prefix_path/kuka_description
-- Up-to-date: /home/itachi/ws/iiwa_ws/install/kuka_description/share/kuka_description/environment/ament_prefix_path.sh
-- Up-to-date: /home/itachi/ws/iiwa_ws/install/kuka_description/share/kuka_description/environment/ament_prefix_path.dsv
-- Up-to-date: /home/itachi/ws/iiwa_ws/install/kuka_description/share/kuka_description/environment/path.sh
-- Up-to-date: /home/itachi/ws/iiwa_ws/install/kuka_description/share/kuka_description/environment/path.dsv
-- Up-to-date: /home/itachi/ws/iiwa_ws/install/kuka_description/share/kuka_description/local_setup.bash
-- Up-to-date: /home/itachi/ws/iiwa_ws/install/kuka_description/share/kuka_description/local_setup.sh
-- Up-to-date: /home/itachi/ws/iiwa_ws/install/kuka_description/share/kuka_description/local_setup.zsh
-- Up-to-date: /home/itachi/ws/iiwa_ws/install/kuka_description/share/kuka_description/local_setup.dsv
-- Up-to-date: /home/itachi/ws/iiwa_ws/install/kuka_description/share/kuka_description/package.dsv
-- Up-to-date: /home/itachi/ws/iiwa_ws/install/kuka_description/share/ament_index/resource_index/packages/kuka_description
-- Up-to-date: /home/itachi/ws/iiwa_ws/install/kuka_description/share/kuka_description/cmake/kuka_descriptionConfig.cmake
-- Up-to-date: /home/itachi/ws/iiwa_ws/install/kuka_description/share/kuka_description/cmake/kuka_descriptionConfig-version.cmake
-- Up-to-date: /home/itachi/ws/iiwa_ws/install/kuka_description/share/kuka_description/package.xml
