running egg_info
creating ../../build/dh_based/dh_based.egg-info
writing ../../build/dh_based/dh_based.egg-info/PKG-INFO
writing dependency_links to ../../build/dh_based/dh_based.egg-info/dependency_links.txt
writing requirements to ../../build/dh_based/dh_based.egg-info/requires.txt
writing top-level names to ../../build/dh_based/dh_based.egg-info/top_level.txt
writing manifest file '../../build/dh_based/dh_based.egg-info/SOURCES.txt'
reading manifest file '../../build/dh_based/dh_based.egg-info/SOURCES.txt'
adding license file 'LICENSE'
writing manifest file '../../build/dh_based/dh_based.egg-info/SOURCES.txt'
running build
running build_py
creating /home/itachi/ws/iiwa_ws/build/dh_based/build
creating /home/itachi/ws/iiwa_ws/build/dh_based/build/lib
creating /home/itachi/ws/iiwa_ws/build/dh_based/build/lib/dh_based
copying dh_based/__init__.py -> /home/itachi/ws/iiwa_ws/build/dh_based/build/lib/dh_based
copying dh_based/DH_param.py -> /home/itachi/ws/iiwa_ws/build/dh_based/build/lib/dh_based
running install
running install_lib
creating /home/itachi/ws/iiwa_ws/install/dh_based/lib/python3.12/site-packages/dh_based
copying /home/itachi/ws/iiwa_ws/build/dh_based/build/lib/dh_based/__init__.py -> /home/itachi/ws/iiwa_ws/install/dh_based/lib/python3.12/site-packages/dh_based
copying /home/itachi/ws/iiwa_ws/build/dh_based/build/lib/dh_based/DH_param.py -> /home/itachi/ws/iiwa_ws/install/dh_based/lib/python3.12/site-packages/dh_based
byte-compiling /home/itachi/ws/iiwa_ws/install/dh_based/lib/python3.12/site-packages/dh_based/__init__.py to __init__.cpython-312.pyc
byte-compiling /home/itachi/ws/iiwa_ws/install/dh_based/lib/python3.12/site-packages/dh_based/DH_param.py to DH_param.cpython-312.pyc
running install_data
creating /home/itachi/ws/iiwa_ws/install/dh_based/share/ament_index
creating /home/itachi/ws/iiwa_ws/install/dh_based/share/ament_index/resource_index
creating /home/itachi/ws/iiwa_ws/install/dh_based/share/ament_index/resource_index/packages
copying resource/dh_based -> /home/itachi/ws/iiwa_ws/install/dh_based/share/ament_index/resource_index/packages
copying package.xml -> /home/itachi/ws/iiwa_ws/install/dh_based/share/dh_based
running install_egg_info
Copying ../../build/dh_based/dh_based.egg-info to /home/itachi/ws/iiwa_ws/install/dh_based/lib/python3.12/site-packages/dh_based-0.0.0-py3.12.egg-info
running install_scripts
writing list of installed files to '/home/itachi/ws/iiwa_ws/build/dh_based/install.log'
