[0.101s] DEBUG:colcon:Command line arguments: ['/usr/bin/colcon', 'build']
[0.101s] DEBUG:colcon:Parsed command line arguments: Namespace(log_base=None, log_level=None, verb_name='build', build_base='build', install_base='install', merge_install=False, symlink_install=False, test_result_base=None, continue_on_error=False, executor='parallel', parallel_workers=12, event_handlers=None, ignore_user_meta=False, metas=['./colcon.meta'], base_paths=['.'], packages_ignore=None, packages_ignore_regex=None, paths=None, packages_up_to=None, packages_up_to_regex=None, packages_above=None, packages_above_and_dependencies=None, packages_above_depth=None, packages_select_by_dep=None, packages_skip_by_dep=None, packages_skip_up_to=None, packages_select_build_failed=False, packages_skip_build_finished=False, packages_select_test_failures=False, packages_skip_test_passed=False, packages_select=None, packages_skip=None, packages_select_regex=None, packages_skip_regex=None, packages_start=None, packages_end=None, allow_overriding=[], cmake_args=None, cmake_target=None, cmake_target_skip_unavailable=False, cmake_clean_cache=False, cmake_clean_first=False, cmake_force_configure=False, ament_cmake_args=None, catkin_cmake_args=None, catkin_skip_building_tests=False, mixin_files=None, mixin=None, verb_parser=<colcon_mixin.mixin.mixin_argument.MixinArgumentDecorator object at 0x7d1c72e7e5a0>, verb_extension=<colcon_core.verb.build.BuildVerb object at 0x7d1c72e1c650>, main=<bound method BuildVerb.main of <colcon_core.verb.build.BuildVerb object at 0x7d1c72e1c650>>, mixin_verb=('build',))
[0.139s] Level 1:colcon.colcon_core.package_discovery:discover_packages(colcon_meta) check parameters
[0.140s] Level 1:colcon.colcon_core.package_discovery:discover_packages(recursive) check parameters
[0.140s] Level 1:colcon.colcon_core.package_discovery:discover_packages(ignore) check parameters
[0.140s] Level 1:colcon.colcon_core.package_discovery:discover_packages(path) check parameters
[0.140s] Level 1:colcon.colcon_core.package_discovery:discover_packages(colcon_meta) discover
[0.140s] Level 1:colcon.colcon_core.package_discovery:discover_packages(recursive) discover
[0.140s] INFO:colcon.colcon_core.package_discovery:Crawling recursively for packages in '/home/itachi/ws/iiwa_ws'
[0.140s] Level 1:colcon.colcon_core.package_identification:_identify(.) by extensions ['ignore', 'ignore_ament_install']
[0.140s] Level 1:colcon.colcon_core.package_identification:_identify(.) by extension 'ignore'
[0.140s] Level 1:colcon.colcon_core.package_identification:_identify(.) by extension 'ignore_ament_install'
[0.140s] Level 1:colcon.colcon_core.package_identification:_identify(.) by extensions ['colcon_pkg']
[0.140s] Level 1:colcon.colcon_core.package_identification:_identify(.) by extension 'colcon_pkg'
[0.140s] Level 1:colcon.colcon_core.package_identification:_identify(.) by extensions ['colcon_meta']
[0.140s] Level 1:colcon.colcon_core.package_identification:_identify(.) by extension 'colcon_meta'
[0.140s] Level 1:colcon.colcon_core.package_identification:_identify(.) by extensions ['ros']
[0.140s] Level 1:colcon.colcon_core.package_identification:_identify(.) by extension 'ros'
[0.158s] Level 1:colcon.colcon_core.package_identification:_identify(.) by extensions ['cmake', 'python']
[0.158s] Level 1:colcon.colcon_core.package_identification:_identify(.) by extension 'cmake'
[0.158s] Level 1:colcon.colcon_core.package_identification:_identify(.) by extension 'python'
[0.158s] Level 1:colcon.colcon_core.package_identification:_identify(.) by extensions ['python_setup_py']
[0.158s] Level 1:colcon.colcon_core.package_identification:_identify(.) by extension 'python_setup_py'
[0.158s] Level 1:colcon.colcon_core.package_identification:_identify(build) by extensions ['ignore', 'ignore_ament_install']
[0.158s] Level 1:colcon.colcon_core.package_identification:_identify(build) by extension 'ignore'
[0.158s] Level 1:colcon.colcon_core.package_identification:_identify(build) ignored
[0.158s] Level 1:colcon.colcon_core.package_identification:_identify(install) by extensions ['ignore', 'ignore_ament_install']
[0.158s] Level 1:colcon.colcon_core.package_identification:_identify(install) by extension 'ignore'
[0.158s] Level 1:colcon.colcon_core.package_identification:_identify(install) ignored
[0.158s] Level 1:colcon.colcon_core.package_identification:_identify(log) by extensions ['ignore', 'ignore_ament_install']
[0.158s] Level 1:colcon.colcon_core.package_identification:_identify(log) by extension 'ignore'
[0.158s] Level 1:colcon.colcon_core.package_identification:_identify(log) ignored
[0.158s] Level 1:colcon.colcon_core.package_identification:_identify(src) by extensions ['ignore', 'ignore_ament_install']
[0.158s] Level 1:colcon.colcon_core.package_identification:_identify(src) by extension 'ignore'
[0.158s] Level 1:colcon.colcon_core.package_identification:_identify(src) by extension 'ignore_ament_install'
[0.159s] Level 1:colcon.colcon_core.package_identification:_identify(src) by extensions ['colcon_pkg']
[0.159s] Level 1:colcon.colcon_core.package_identification:_identify(src) by extension 'colcon_pkg'
[0.159s] Level 1:colcon.colcon_core.package_identification:_identify(src) by extensions ['colcon_meta']
[0.159s] Level 1:colcon.colcon_core.package_identification:_identify(src) by extension 'colcon_meta'
[0.159s] Level 1:colcon.colcon_core.package_identification:_identify(src) by extensions ['ros']
[0.159s] Level 1:colcon.colcon_core.package_identification:_identify(src) by extension 'ros'
[0.159s] Level 1:colcon.colcon_core.package_identification:_identify(src) by extensions ['cmake', 'python']
[0.159s] Level 1:colcon.colcon_core.package_identification:_identify(src) by extension 'cmake'
[0.159s] Level 1:colcon.colcon_core.package_identification:_identify(src) by extension 'python'
[0.159s] Level 1:colcon.colcon_core.package_identification:_identify(src) by extensions ['python_setup_py']
[0.159s] Level 1:colcon.colcon_core.package_identification:_identify(src) by extension 'python_setup_py'
[0.159s] Level 1:colcon.colcon_core.package_identification:_identify(src/joint_space) by extensions ['ignore', 'ignore_ament_install']
[0.159s] Level 1:colcon.colcon_core.package_identification:_identify(src/joint_space) by extension 'ignore'
[0.159s] Level 1:colcon.colcon_core.package_identification:_identify(src/joint_space) by extension 'ignore_ament_install'
[0.159s] Level 1:colcon.colcon_core.package_identification:_identify(src/joint_space) by extensions ['colcon_pkg']
[0.159s] Level 1:colcon.colcon_core.package_identification:_identify(src/joint_space) by extension 'colcon_pkg'
[0.159s] Level 1:colcon.colcon_core.package_identification:_identify(src/joint_space) by extensions ['colcon_meta']
[0.159s] Level 1:colcon.colcon_core.package_identification:_identify(src/joint_space) by extension 'colcon_meta'
[0.159s] Level 1:colcon.colcon_core.package_identification:_identify(src/joint_space) by extensions ['ros']
[0.159s] Level 1:colcon.colcon_core.package_identification:_identify(src/joint_space) by extension 'ros'
[0.161s] DEBUG:colcon.colcon_core.package_identification:Package 'src/joint_space' with type 'ros.ament_python' and name 'joint_space'
[0.162s] Level 1:colcon.colcon_core.package_identification:_identify(src/kuka_description) by extensions ['ignore', 'ignore_ament_install']
[0.162s] Level 1:colcon.colcon_core.package_identification:_identify(src/kuka_description) by extension 'ignore'
[0.162s] Level 1:colcon.colcon_core.package_identification:_identify(src/kuka_description) by extension 'ignore_ament_install'
[0.162s] Level 1:colcon.colcon_core.package_identification:_identify(src/kuka_description) by extensions ['colcon_pkg']
[0.162s] Level 1:colcon.colcon_core.package_identification:_identify(src/kuka_description) by extension 'colcon_pkg'
[0.162s] Level 1:colcon.colcon_core.package_identification:_identify(src/kuka_description) by extensions ['colcon_meta']
[0.162s] Level 1:colcon.colcon_core.package_identification:_identify(src/kuka_description) by extension 'colcon_meta'
[0.162s] Level 1:colcon.colcon_core.package_identification:_identify(src/kuka_description) by extensions ['ros']
[0.162s] Level 1:colcon.colcon_core.package_identification:_identify(src/kuka_description) by extension 'ros'
[0.162s] DEBUG:colcon.colcon_core.package_identification:Package 'src/kuka_description' with type 'ros.ament_cmake' and name 'kuka_description'
[0.162s] Level 1:colcon.colcon_core.package_discovery:discover_packages(recursive) using defaults
[0.162s] Level 1:colcon.colcon_core.package_discovery:discover_packages(ignore) discover
[0.162s] Level 1:colcon.colcon_core.package_discovery:discover_packages(ignore) using defaults
[0.162s] Level 1:colcon.colcon_core.package_discovery:discover_packages(path) discover
[0.162s] Level 1:colcon.colcon_core.package_discovery:discover_packages(path) using defaults
[0.178s] Level 1:colcon.colcon_core.package_discovery:discover_packages(prefix_path) check parameters
[0.178s] Level 1:colcon.colcon_core.package_discovery:discover_packages(prefix_path) discover
[0.183s] DEBUG:colcon.colcon_installed_package_information.package_discovery:Found 2 installed packages in /home/itachi/ws/kuka_ws/install
[0.183s] DEBUG:colcon.colcon_installed_package_information.package_discovery:Found 2 installed packages in /home/itachi/ws/r6bot/install
[0.183s] DEBUG:colcon.colcon_installed_package_information.package_discovery:Found 2 installed packages in /home/itachi/ws/darm_ws/install
[0.185s] DEBUG:colcon.colcon_installed_package_information.package_discovery:Found 503 installed packages in /opt/ros/jazzy
[0.186s] Level 1:colcon.colcon_core.package_discovery:discover_packages(prefix_path) using defaults
[0.230s] Level 5:colcon.colcon_core.verb:set package 'joint_space' build argument 'cmake_args' from command line to 'None'
[0.230s] Level 5:colcon.colcon_core.verb:set package 'joint_space' build argument 'cmake_target' from command line to 'None'
[0.230s] Level 5:colcon.colcon_core.verb:set package 'joint_space' build argument 'cmake_target_skip_unavailable' from command line to 'False'
[0.230s] Level 5:colcon.colcon_core.verb:set package 'joint_space' build argument 'cmake_clean_cache' from command line to 'False'
[0.230s] Level 5:colcon.colcon_core.verb:set package 'joint_space' build argument 'cmake_clean_first' from command line to 'False'
[0.230s] Level 5:colcon.colcon_core.verb:set package 'joint_space' build argument 'cmake_force_configure' from command line to 'False'
[0.230s] Level 5:colcon.colcon_core.verb:set package 'joint_space' build argument 'ament_cmake_args' from command line to 'None'
[0.230s] Level 5:colcon.colcon_core.verb:set package 'joint_space' build argument 'catkin_cmake_args' from command line to 'None'
[0.230s] Level 5:colcon.colcon_core.verb:set package 'joint_space' build argument 'catkin_skip_building_tests' from command line to 'False'
[0.230s] DEBUG:colcon.colcon_core.verb:Building package 'joint_space' with the following arguments: {'ament_cmake_args': None, 'build_base': '/home/itachi/ws/iiwa_ws/build/joint_space', 'catkin_cmake_args': None, 'catkin_skip_building_tests': False, 'cmake_args': None, 'cmake_clean_cache': False, 'cmake_clean_first': False, 'cmake_force_configure': False, 'cmake_target': None, 'cmake_target_skip_unavailable': False, 'install_base': '/home/itachi/ws/iiwa_ws/install/joint_space', 'merge_install': False, 'path': '/home/itachi/ws/iiwa_ws/src/joint_space', 'symlink_install': False, 'test_result_base': None}
[0.230s] Level 5:colcon.colcon_core.verb:set package 'kuka_description' build argument 'cmake_args' from command line to 'None'
[0.230s] Level 5:colcon.colcon_core.verb:set package 'kuka_description' build argument 'cmake_target' from command line to 'None'
[0.230s] Level 5:colcon.colcon_core.verb:set package 'kuka_description' build argument 'cmake_target_skip_unavailable' from command line to 'False'
[0.230s] Level 5:colcon.colcon_core.verb:set package 'kuka_description' build argument 'cmake_clean_cache' from command line to 'False'
[0.230s] Level 5:colcon.colcon_core.verb:set package 'kuka_description' build argument 'cmake_clean_first' from command line to 'False'
[0.230s] Level 5:colcon.colcon_core.verb:set package 'kuka_description' build argument 'cmake_force_configure' from command line to 'False'
[0.230s] Level 5:colcon.colcon_core.verb:set package 'kuka_description' build argument 'ament_cmake_args' from command line to 'None'
[0.230s] Level 5:colcon.colcon_core.verb:set package 'kuka_description' build argument 'catkin_cmake_args' from command line to 'None'
[0.230s] Level 5:colcon.colcon_core.verb:set package 'kuka_description' build argument 'catkin_skip_building_tests' from command line to 'False'
[0.230s] DEBUG:colcon.colcon_core.verb:Building package 'kuka_description' with the following arguments: {'ament_cmake_args': None, 'build_base': '/home/itachi/ws/iiwa_ws/build/kuka_description', 'catkin_cmake_args': None, 'catkin_skip_building_tests': False, 'cmake_args': None, 'cmake_clean_cache': False, 'cmake_clean_first': False, 'cmake_force_configure': False, 'cmake_target': None, 'cmake_target_skip_unavailable': False, 'install_base': '/home/itachi/ws/iiwa_ws/install/kuka_description', 'merge_install': False, 'path': '/home/itachi/ws/iiwa_ws/src/kuka_description', 'symlink_install': False, 'test_result_base': None}
[0.230s] INFO:colcon.colcon_core.executor:Executing jobs using 'parallel' executor
[0.231s] DEBUG:colcon.colcon_parallel_executor.executor.parallel:run_until_complete
[0.231s] INFO:colcon.colcon_ros.task.ament_python.build:Building ROS package in '/home/itachi/ws/iiwa_ws/src/joint_space' with build type 'ament_python'
[0.231s] Level 1:colcon.colcon_core.shell:create_environment_hook('joint_space', 'ament_prefix_path')
[0.234s] INFO:colcon.colcon_core.plugin_system:Skipping extension 'colcon_core.shell.bat': Not used on non-Windows systems
[0.234s] INFO:colcon.colcon_core.shell:Creating environment hook '/home/itachi/ws/iiwa_ws/install/joint_space/share/joint_space/hook/ament_prefix_path.ps1'
[0.235s] INFO:colcon.colcon_core.shell:Creating environment descriptor '/home/itachi/ws/iiwa_ws/install/joint_space/share/joint_space/hook/ament_prefix_path.dsv'
[0.235s] INFO:colcon.colcon_core.shell:Creating environment hook '/home/itachi/ws/iiwa_ws/install/joint_space/share/joint_space/hook/ament_prefix_path.sh'
[0.236s] INFO:colcon.colcon_core.shell:Skip shell extension 'powershell' for command environment: Not usable outside of PowerShell
[0.236s] DEBUG:colcon.colcon_core.shell:Skip shell extension 'dsv' for command environment
[0.239s] INFO:colcon.colcon_ros.task.ament_cmake.build:Building ROS package in '/home/itachi/ws/iiwa_ws/src/kuka_description' with build type 'ament_cmake'
[0.240s] INFO:colcon.colcon_cmake.task.cmake.build:Building CMake package in '/home/itachi/ws/iiwa_ws/src/kuka_description'
[0.240s] INFO:colcon.colcon_core.shell:Skip shell extension 'powershell' for command environment: Not usable outside of PowerShell
[0.240s] DEBUG:colcon.colcon_core.shell:Skip shell extension 'dsv' for command environment
[0.396s] INFO:colcon.colcon_core.task.python.build:Building Python package in '/home/itachi/ws/iiwa_ws/src/joint_space'
[0.396s] INFO:colcon.colcon_core.shell:Skip shell extension 'powershell' for command environment: Not usable outside of PowerShell
[0.396s] DEBUG:colcon.colcon_core.shell:Skip shell extension 'dsv' for command environment
[0.400s] DEBUG:colcon.colcon_core.event_handler.log_command:Invoking command in '/home/itachi/ws/iiwa_ws/build/kuka_description': CMAKE_PREFIX_PATH=${CMAKE_PREFIX_PATH}:/home/itachi/ws/kuka_ws/install/joint_space:/home/itachi/ws/r6bot/install/my_trajectory:/opt/ros/jazzy DEBUGINFOD_URLS=https://debuginfod.ubuntu.com /usr/bin/cmake /home/itachi/ws/iiwa_ws/src/kuka_description -DCMAKE_INSTALL_PREFIX=/home/itachi/ws/iiwa_ws/install/kuka_description
[1.004s] DEBUG:colcon.colcon_core.event_handler.log_command:Invoking command in '/home/itachi/ws/iiwa_ws/src/joint_space': DEBUGINFOD_URLS=https://debuginfod.ubuntu.com PYTHONPATH=/home/itachi/ws/iiwa_ws/build/joint_space/prefix_override:/usr/lib/python3/dist-packages/colcon_core/task/python/colcon_distutils_commands:/home/itachi/ws/iiwa_ws/install/joint_space/lib/python3.12/site-packages:${PYTHONPATH} /usr/bin/python3 -W ignore:setup.py install is deprecated -W ignore:easy_install command is deprecated setup.py egg_info --egg-base ../../build/joint_space build --build-base /home/itachi/ws/iiwa_ws/build/joint_space/build install --record /home/itachi/ws/iiwa_ws/build/joint_space/install.log --single-version-externally-managed install_data
[1.037s] DEBUG:colcon.colcon_core.event_handler.log_command:Invoked command in '/home/itachi/ws/iiwa_ws/build/kuka_description' returned '0': CMAKE_PREFIX_PATH=${CMAKE_PREFIX_PATH}:/home/itachi/ws/kuka_ws/install/joint_space:/home/itachi/ws/r6bot/install/my_trajectory:/opt/ros/jazzy DEBUGINFOD_URLS=https://debuginfod.ubuntu.com /usr/bin/cmake /home/itachi/ws/iiwa_ws/src/kuka_description -DCMAKE_INSTALL_PREFIX=/home/itachi/ws/iiwa_ws/install/kuka_description
[1.037s] DEBUG:colcon.colcon_core.event_handler.log_command:Invoking command in '/home/itachi/ws/iiwa_ws/build/kuka_description': CMAKE_PREFIX_PATH=${CMAKE_PREFIX_PATH}:/home/itachi/ws/kuka_ws/install/joint_space:/home/itachi/ws/r6bot/install/my_trajectory:/opt/ros/jazzy DEBUGINFOD_URLS=https://debuginfod.ubuntu.com /usr/bin/cmake --build /home/itachi/ws/iiwa_ws/build/kuka_description -- -j12 -l12
[1.066s] DEBUG:colcon.colcon_core.event_handler.log_command:Invoked command in '/home/itachi/ws/iiwa_ws/build/kuka_description' returned '0': CMAKE_PREFIX_PATH=${CMAKE_PREFIX_PATH}:/home/itachi/ws/kuka_ws/install/joint_space:/home/itachi/ws/r6bot/install/my_trajectory:/opt/ros/jazzy DEBUGINFOD_URLS=https://debuginfod.ubuntu.com /usr/bin/cmake --build /home/itachi/ws/iiwa_ws/build/kuka_description -- -j12 -l12
[1.074s] DEBUG:colcon.colcon_core.event_handler.log_command:Invoking command in '/home/itachi/ws/iiwa_ws/build/kuka_description': CMAKE_PREFIX_PATH=${CMAKE_PREFIX_PATH}:/home/itachi/ws/kuka_ws/install/joint_space:/home/itachi/ws/r6bot/install/my_trajectory:/opt/ros/jazzy DEBUGINFOD_URLS=https://debuginfod.ubuntu.com /usr/bin/cmake --install /home/itachi/ws/iiwa_ws/build/kuka_description
[1.086s] Level 1:colcon.colcon_core.environment:create_environment_scripts_only(kuka_description)
[1.087s] DEBUG:colcon.colcon_core.event_handler.log_command:Invoked command in '/home/itachi/ws/iiwa_ws/build/kuka_description' returned '0': CMAKE_PREFIX_PATH=${CMAKE_PREFIX_PATH}:/home/itachi/ws/kuka_ws/install/joint_space:/home/itachi/ws/r6bot/install/my_trajectory:/opt/ros/jazzy DEBUGINFOD_URLS=https://debuginfod.ubuntu.com /usr/bin/cmake --install /home/itachi/ws/iiwa_ws/build/kuka_description
[1.090s] Level 1:colcon.colcon_core.environment:checking '/home/itachi/ws/iiwa_ws/install/kuka_description' for CMake module files
[1.090s] Level 1:colcon.colcon_core.environment:checking '/home/itachi/ws/iiwa_ws/install/kuka_description' for CMake config files
[1.090s] Level 1:colcon.colcon_core.shell:create_environment_hook('kuka_description', 'cmake_prefix_path')
[1.091s] INFO:colcon.colcon_core.shell:Creating environment hook '/home/itachi/ws/iiwa_ws/install/kuka_description/share/kuka_description/hook/cmake_prefix_path.ps1'
[1.091s] INFO:colcon.colcon_core.shell:Creating environment descriptor '/home/itachi/ws/iiwa_ws/install/kuka_description/share/kuka_description/hook/cmake_prefix_path.dsv'
[1.100s] INFO:colcon.colcon_core.shell:Creating environment hook '/home/itachi/ws/iiwa_ws/install/kuka_description/share/kuka_description/hook/cmake_prefix_path.sh'
[1.100s] Level 1:colcon.colcon_core.environment:checking '/home/itachi/ws/iiwa_ws/install/kuka_description/bin'
[1.101s] Level 1:colcon.colcon_core.environment:checking '/home/itachi/ws/iiwa_ws/install/kuka_description/lib/pkgconfig/kuka_description.pc'
[1.101s] Level 1:colcon.colcon_core.environment:checking '/home/itachi/ws/iiwa_ws/install/kuka_description/lib/python3.12/site-packages'
[1.101s] Level 1:colcon.colcon_core.environment:checking '/home/itachi/ws/iiwa_ws/install/kuka_description/bin'
[1.101s] INFO:colcon.colcon_core.shell:Creating package script '/home/itachi/ws/iiwa_ws/install/kuka_description/share/kuka_description/package.ps1'
[1.102s] INFO:colcon.colcon_core.shell:Creating package descriptor '/home/itachi/ws/iiwa_ws/install/kuka_description/share/kuka_description/package.dsv'
[1.102s] INFO:colcon.colcon_core.shell:Creating package script '/home/itachi/ws/iiwa_ws/install/kuka_description/share/kuka_description/package.sh'
[1.103s] INFO:colcon.colcon_core.shell:Creating package script '/home/itachi/ws/iiwa_ws/install/kuka_description/share/kuka_description/package.bash'
[1.103s] INFO:colcon.colcon_core.shell:Creating package script '/home/itachi/ws/iiwa_ws/install/kuka_description/share/kuka_description/package.zsh'
[1.104s] Level 1:colcon.colcon_core.environment:create_file_with_runtime_dependencies(/home/itachi/ws/iiwa_ws/install/kuka_description/share/colcon-core/packages/kuka_description)
[1.104s] Level 1:colcon.colcon_core.environment:create_environment_scripts_only(kuka_description)
[1.104s] Level 1:colcon.colcon_core.environment:checking '/home/itachi/ws/iiwa_ws/install/kuka_description' for CMake module files
[1.105s] Level 1:colcon.colcon_core.environment:checking '/home/itachi/ws/iiwa_ws/install/kuka_description' for CMake config files
[1.105s] Level 1:colcon.colcon_core.shell:create_environment_hook('kuka_description', 'cmake_prefix_path')
[1.105s] INFO:colcon.colcon_core.shell:Creating environment hook '/home/itachi/ws/iiwa_ws/install/kuka_description/share/kuka_description/hook/cmake_prefix_path.ps1'
[1.105s] INFO:colcon.colcon_core.shell:Creating environment descriptor '/home/itachi/ws/iiwa_ws/install/kuka_description/share/kuka_description/hook/cmake_prefix_path.dsv'
[1.105s] INFO:colcon.colcon_core.shell:Creating environment hook '/home/itachi/ws/iiwa_ws/install/kuka_description/share/kuka_description/hook/cmake_prefix_path.sh'
[1.105s] Level 1:colcon.colcon_core.environment:checking '/home/itachi/ws/iiwa_ws/install/kuka_description/bin'
[1.106s] Level 1:colcon.colcon_core.environment:checking '/home/itachi/ws/iiwa_ws/install/kuka_description/lib/pkgconfig/kuka_description.pc'
[1.106s] Level 1:colcon.colcon_core.environment:checking '/home/itachi/ws/iiwa_ws/install/kuka_description/lib/python3.12/site-packages'
[1.106s] Level 1:colcon.colcon_core.environment:checking '/home/itachi/ws/iiwa_ws/install/kuka_description/bin'
[1.106s] INFO:colcon.colcon_core.shell:Creating package script '/home/itachi/ws/iiwa_ws/install/kuka_description/share/kuka_description/package.ps1'
[1.106s] INFO:colcon.colcon_core.shell:Creating package descriptor '/home/itachi/ws/iiwa_ws/install/kuka_description/share/kuka_description/package.dsv'
[1.107s] INFO:colcon.colcon_core.shell:Creating package script '/home/itachi/ws/iiwa_ws/install/kuka_description/share/kuka_description/package.sh'
[1.107s] INFO:colcon.colcon_core.shell:Creating package script '/home/itachi/ws/iiwa_ws/install/kuka_description/share/kuka_description/package.bash'
[1.107s] INFO:colcon.colcon_core.shell:Creating package script '/home/itachi/ws/iiwa_ws/install/kuka_description/share/kuka_description/package.zsh'
[1.107s] Level 1:colcon.colcon_core.environment:create_file_with_runtime_dependencies(/home/itachi/ws/iiwa_ws/install/kuka_description/share/colcon-core/packages/kuka_description)
[1.411s] Level 1:colcon.colcon_core.environment:checking '/home/itachi/ws/iiwa_ws/install/joint_space' for CMake module files
[1.412s] Level 1:colcon.colcon_core.environment:checking '/home/itachi/ws/iiwa_ws/install/joint_space' for CMake config files
[1.412s] DEBUG:colcon.colcon_core.event_handler.log_command:Invoked command in '/home/itachi/ws/iiwa_ws/src/joint_space' returned '0': DEBUGINFOD_URLS=https://debuginfod.ubuntu.com PYTHONPATH=/home/itachi/ws/iiwa_ws/build/joint_space/prefix_override:/usr/lib/python3/dist-packages/colcon_core/task/python/colcon_distutils_commands:/home/itachi/ws/iiwa_ws/install/joint_space/lib/python3.12/site-packages:${PYTHONPATH} /usr/bin/python3 -W ignore:setup.py install is deprecated -W ignore:easy_install command is deprecated setup.py egg_info --egg-base ../../build/joint_space build --build-base /home/itachi/ws/iiwa_ws/build/joint_space/build install --record /home/itachi/ws/iiwa_ws/build/joint_space/install.log --single-version-externally-managed install_data
[1.412s] Level 1:colcon.colcon_core.environment:checking '/home/itachi/ws/iiwa_ws/install/joint_space/lib'
[1.412s] Level 1:colcon.colcon_core.environment:checking '/home/itachi/ws/iiwa_ws/install/joint_space/bin'
[1.412s] Level 1:colcon.colcon_core.environment:checking '/home/itachi/ws/iiwa_ws/install/joint_space/lib/pkgconfig/joint_space.pc'
[1.413s] Level 1:colcon.colcon_core.environment:checking '/home/itachi/ws/iiwa_ws/install/joint_space/lib/python3.12/site-packages'
[1.413s] Level 1:colcon.colcon_core.shell:create_environment_hook('joint_space', 'pythonpath')
[1.413s] INFO:colcon.colcon_core.shell:Creating environment hook '/home/itachi/ws/iiwa_ws/install/joint_space/share/joint_space/hook/pythonpath.ps1'
[1.413s] INFO:colcon.colcon_core.shell:Creating environment descriptor '/home/itachi/ws/iiwa_ws/install/joint_space/share/joint_space/hook/pythonpath.dsv'
[1.413s] INFO:colcon.colcon_core.shell:Creating environment hook '/home/itachi/ws/iiwa_ws/install/joint_space/share/joint_space/hook/pythonpath.sh'
[1.414s] Level 1:colcon.colcon_core.environment:checking '/home/itachi/ws/iiwa_ws/install/joint_space/bin'
[1.414s] Level 1:colcon.colcon_core.environment:create_environment_scripts_only(joint_space)
[1.414s] INFO:colcon.colcon_core.shell:Creating package script '/home/itachi/ws/iiwa_ws/install/joint_space/share/joint_space/package.ps1'
[1.414s] INFO:colcon.colcon_core.shell:Creating package descriptor '/home/itachi/ws/iiwa_ws/install/joint_space/share/joint_space/package.dsv'
[1.414s] INFO:colcon.colcon_core.shell:Creating package script '/home/itachi/ws/iiwa_ws/install/joint_space/share/joint_space/package.sh'
[1.415s] INFO:colcon.colcon_core.shell:Creating package script '/home/itachi/ws/iiwa_ws/install/joint_space/share/joint_space/package.bash'
[1.415s] INFO:colcon.colcon_core.shell:Creating package script '/home/itachi/ws/iiwa_ws/install/joint_space/share/joint_space/package.zsh'
[1.415s] Level 1:colcon.colcon_core.environment:create_file_with_runtime_dependencies(/home/itachi/ws/iiwa_ws/install/joint_space/share/colcon-core/packages/joint_space)
[1.415s] DEBUG:colcon.colcon_parallel_executor.executor.parallel:closing loop
[1.415s] DEBUG:colcon.colcon_parallel_executor.executor.parallel:loop closed
[1.415s] DEBUG:colcon.colcon_parallel_executor.executor.parallel:run_until_complete finished with '0'
[1.415s] DEBUG:colcon.colcon_core.event_reactor:joining thread
[1.431s] INFO:colcon.colcon_core.plugin_system:Skipping extension 'colcon_notification.desktop_notification.terminal_notifier': Not used on non-Darwin systems
[1.431s] INFO:colcon.colcon_core.plugin_system:Skipping extension 'colcon_notification.desktop_notification.win32': Not used on non-Windows systems
[1.431s] INFO:colcon.colcon_notification.desktop_notification:Sending desktop notification using 'notify2'
[1.449s] DEBUG:colcon.colcon_core.event_reactor:joined thread
[1.449s] INFO:colcon.colcon_core.shell:Creating prefix script '/home/itachi/ws/iiwa_ws/install/local_setup.ps1'
[1.450s] INFO:colcon.colcon_core.shell:Creating prefix util module '/home/itachi/ws/iiwa_ws/install/_local_setup_util_ps1.py'
[1.451s] INFO:colcon.colcon_core.shell:Creating prefix chain script '/home/itachi/ws/iiwa_ws/install/setup.ps1'
[1.452s] INFO:colcon.colcon_core.shell:Creating prefix script '/home/itachi/ws/iiwa_ws/install/local_setup.sh'
[1.452s] INFO:colcon.colcon_core.shell:Creating prefix util module '/home/itachi/ws/iiwa_ws/install/_local_setup_util_sh.py'
[1.453s] INFO:colcon.colcon_core.shell:Creating prefix chain script '/home/itachi/ws/iiwa_ws/install/setup.sh'
[1.454s] INFO:colcon.colcon_core.shell:Creating prefix script '/home/itachi/ws/iiwa_ws/install/local_setup.bash'
[1.454s] INFO:colcon.colcon_core.shell:Creating prefix chain script '/home/itachi/ws/iiwa_ws/install/setup.bash'
[1.455s] INFO:colcon.colcon_core.shell:Creating prefix script '/home/itachi/ws/iiwa_ws/install/local_setup.zsh'
[1.455s] INFO:colcon.colcon_core.shell:Creating prefix chain script '/home/itachi/ws/iiwa_ws/install/setup.zsh'
