running egg_info
writing ../../build/dh_based/dh_based.egg-info/PKG-INFO
writing dependency_links to ../../build/dh_based/dh_based.egg-info/dependency_links.txt
writing entry points to ../../build/dh_based/dh_based.egg-info/entry_points.txt
writing requirements to ../../build/dh_based/dh_based.egg-info/requires.txt
writing top-level names to ../../build/dh_based/dh_based.egg-info/top_level.txt
reading manifest file '../../build/dh_based/dh_based.egg-info/SOURCES.txt'
adding license file 'LICENSE'
writing manifest file '../../build/dh_based/dh_based.egg-info/SOURCES.txt'
running build
running build_py
running install
running install_lib
running install_data
running install_egg_info
removing '/home/itachi/ws/iiwa_ws/install/dh_based/lib/python3.12/site-packages/dh_based-0.0.0-py3.12.egg-info' (and everything under it)
Copying ../../build/dh_based/dh_based.egg-info to /home/itachi/ws/iiwa_ws/install/dh_based/lib/python3.12/site-packages/dh_based-0.0.0-py3.12.egg-info
running install_scripts
Installing DH_param script to /home/itachi/ws/iiwa_ws/install/dh_based/lib/dh_based
writing list of installed files to '/home/itachi/ws/iiwa_ws/build/dh_based/install.log'
