-- The C compiler identification is GNU 13.3.0
-- The CXX compiler identification is GNU 13.3.0
-- Detecting C compiler ABI info
-- Detecting C compiler ABI info - done
-- Check for working C compiler: /usr/bin/cc - skipped
-- Detecting C compile features
-- Detecting C compile features - done
-- Detecting CXX compiler ABI info
-- Detecting CXX compiler ABI info - done
-- Check for working CXX compiler: /usr/bin/c++ - skipped
-- Detecting CXX compile features
-- Detecting CXX compile features - done
-- Found ament_cmake: 2.5.4 (/opt/ros/jazzy/share/ament_cmake/cmake)
-- Found Python3: /usr/bin/python3 (found version "3.12.3") found components: Interpreter 
-- Configuring done (0.6s)
-- Generating done (0.0s)
-- Build files have been written to: /home/itachi/ws/iiwa_ws/build/kuka_description
-- Install configuration: ""
-- Installing: /home/itachi/ws/iiwa_ws/install/kuka_description/share/kuka_description//meshes
-- Installing: /home/itachi/ws/iiwa_ws/install/kuka_description/share/kuka_description//meshes/link3.STL
-- Installing: /home/itachi/ws/iiwa_ws/install/kuka_description/share/kuka_description//meshes/link3.DAE
-- Installing: /home/itachi/ws/iiwa_ws/install/kuka_description/share/kuka_description//meshes/link4.DAE
-- Installing: /home/itachi/ws/iiwa_ws/install/kuka_description/share/kuka_description//meshes/link5.DAE
-- Installing: /home/itachi/ws/iiwa_ws/install/kuka_description/share/kuka_description//meshes/link6.STL
-- Installing: /home/itachi/ws/iiwa_ws/install/kuka_description/share/kuka_description//meshes/link6.DAE
-- Installing: /home/itachi/ws/iiwa_ws/install/kuka_description/share/kuka_description//meshes/link1.STL
-- Installing: /home/itachi/ws/iiwa_ws/install/kuka_description/share/kuka_description//meshes/link4.STL
-- Installing: /home/itachi/ws/iiwa_ws/install/kuka_description/share/kuka_description//meshes/link5.STL
-- Installing: /home/itachi/ws/iiwa_ws/install/kuka_description/share/kuka_description//meshes/link2.DAE
-- Installing: /home/itachi/ws/iiwa_ws/install/kuka_description/share/kuka_description//meshes/link7.DAE
-- Installing: /home/itachi/ws/iiwa_ws/install/kuka_description/share/kuka_description//meshes/link7.STL
-- Installing: /home/itachi/ws/iiwa_ws/install/kuka_description/share/kuka_description//meshes/base_link.STL
-- Installing: /home/itachi/ws/iiwa_ws/install/kuka_description/share/kuka_description//meshes/link2.STL
-- Installing: /home/itachi/ws/iiwa_ws/install/kuka_description/share/kuka_description//meshes/link1.DAE
-- Installing: /home/itachi/ws/iiwa_ws/install/kuka_description/share/kuka_description//meshes/base_link.DAE
-- Installing: /home/itachi/ws/iiwa_ws/install/kuka_description/share/kuka_description//urdf
-- Installing: /home/itachi/ws/iiwa_ws/install/kuka_description/share/kuka_description//urdf/kuka_iiwa.xacro
-- Installing: /home/itachi/ws/iiwa_ws/install/kuka_description/share/kuka_description//urdf/lbr_iiwa7_r800.csv
-- Installing: /home/itachi/ws/iiwa_ws/install/kuka_description/share/kuka_description//urdf/kuka_gazebo.xacro
-- Installing: /home/itachi/ws/iiwa_ws/install/kuka_description/share/kuka_description//urdf/lbr_iiwa7_r800.urdf
-- Installing: /home/itachi/ws/iiwa_ws/install/kuka_description/share/kuka_description//config
-- Installing: /home/itachi/ws/iiwa_ws/install/kuka_description/share/kuka_description//config/kuka_controllers.yaml
-- Installing: /home/itachi/ws/iiwa_ws/install/kuka_description/share/kuka_description//config/gazebo_bridge.yaml
-- Installing: /home/itachi/ws/iiwa_ws/install/kuka_description/share/kuka_description//launch
-- Installing: /home/itachi/ws/iiwa_ws/install/kuka_description/share/kuka_description//launch/display.launch.xml
-- Installing: /home/itachi/ws/iiwa_ws/install/kuka_description/share/kuka_description//launch/controllers.launch.xml
-- Installing: /home/itachi/ws/iiwa_ws/install/kuka_description/share/kuka_description//rviz
-- Installing: /home/itachi/ws/iiwa_ws/install/kuka_description/share/kuka_description//rviz/urdf_config.rviz
-- Installing: /home/itachi/ws/iiwa_ws/install/kuka_description/share/ament_index/resource_index/package_run_dependencies/kuka_description
-- Installing: /home/itachi/ws/iiwa_ws/install/kuka_description/share/ament_index/resource_index/parent_prefix_path/kuka_description
-- Installing: /home/itachi/ws/iiwa_ws/install/kuka_description/share/kuka_description/environment/ament_prefix_path.sh
-- Installing: /home/itachi/ws/iiwa_ws/install/kuka_description/share/kuka_description/environment/ament_prefix_path.dsv
-- Installing: /home/itachi/ws/iiwa_ws/install/kuka_description/share/kuka_description/environment/path.sh
-- Installing: /home/itachi/ws/iiwa_ws/install/kuka_description/share/kuka_description/environment/path.dsv
-- Installing: /home/itachi/ws/iiwa_ws/install/kuka_description/share/kuka_description/local_setup.bash
-- Installing: /home/itachi/ws/iiwa_ws/install/kuka_description/share/kuka_description/local_setup.sh
-- Installing: /home/itachi/ws/iiwa_ws/install/kuka_description/share/kuka_description/local_setup.zsh
-- Installing: /home/itachi/ws/iiwa_ws/install/kuka_description/share/kuka_description/local_setup.dsv
-- Installing: /home/itachi/ws/iiwa_ws/install/kuka_description/share/kuka_description/package.dsv
-- Installing: /home/itachi/ws/iiwa_ws/install/kuka_description/share/ament_index/resource_index/packages/kuka_description
-- Installing: /home/itachi/ws/iiwa_ws/install/kuka_description/share/kuka_description/cmake/kuka_descriptionConfig.cmake
-- Installing: /home/itachi/ws/iiwa_ws/install/kuka_description/share/kuka_description/cmake/kuka_descriptionConfig-version.cmake
-- Installing: /home/itachi/ws/iiwa_ws/install/kuka_description/share/kuka_description/package.xml
