[0.161s] Invoking command in '/home/itachi/ws/iiwa_ws/build/kuka_description': CMAKE_PREFIX_PATH=${CMAKE_PREFIX_PATH}:/home/itachi/ws/kuka_ws/install/joint_space:/home/itachi/ws/r6bot/install/my_trajectory:/opt/ros/jazzy DEBUGINFOD_URLS=https://debuginfod.ubuntu.com /usr/bin/cmake /home/itachi/ws/iiwa_ws/src/kuka_description -DCMAKE_INSTALL_PREFIX=/home/itachi/ws/iiwa_ws/install/kuka_description
[0.258s] -- The C compiler identification is GNU 13.3.0
[0.325s] -- The CXX compiler identification is GNU 13.3.0
[0.339s] -- Detecting C compiler ABI info
[0.404s] -- Detecting C compiler ABI info - done
[0.410s] -- Check for working C compiler: /usr/bin/cc - skipped
[0.411s] -- Detecting C compile features
[0.411s] -- Detecting C compile features - done
[0.418s] -- Detecting CXX compiler ABI info
[0.486s] -- Detecting CXX compiler ABI info - done
[0.493s] -- Check for working CXX compiler: /usr/bin/c++ - skipped
[0.493s] -- Detecting CXX compile features
[0.493s] -- Detecting CXX compile features - done
[0.508s] -- Found ament_cmake: 2.5.4 (/opt/ros/jazzy/share/ament_cmake/cmake)
[0.621s] -- Found Python3: /usr/bin/python3 (found version "3.12.3") found components: Interpreter 
[0.790s] -- Configuring done (0.6s)
[0.791s] -- Generating done (0.0s)
[0.793s] -- Build files have been written to: /home/itachi/ws/iiwa_ws/build/kuka_description
[0.797s] Invoked command in '/home/itachi/ws/iiwa_ws/build/kuka_description' returned '0': CMAKE_PREFIX_PATH=${CMAKE_PREFIX_PATH}:/home/itachi/ws/kuka_ws/install/joint_space:/home/itachi/ws/r6bot/install/my_trajectory:/opt/ros/jazzy DEBUGINFOD_URLS=https://debuginfod.ubuntu.com /usr/bin/cmake /home/itachi/ws/iiwa_ws/src/kuka_description -DCMAKE_INSTALL_PREFIX=/home/itachi/ws/iiwa_ws/install/kuka_description
[0.798s] Invoking command in '/home/itachi/ws/iiwa_ws/build/kuka_description': CMAKE_PREFIX_PATH=${CMAKE_PREFIX_PATH}:/home/itachi/ws/kuka_ws/install/joint_space:/home/itachi/ws/r6bot/install/my_trajectory:/opt/ros/jazzy DEBUGINFOD_URLS=https://debuginfod.ubuntu.com /usr/bin/cmake --build /home/itachi/ws/iiwa_ws/build/kuka_description -- -j12 -l12
[0.827s] Invoked command in '/home/itachi/ws/iiwa_ws/build/kuka_description' returned '0': CMAKE_PREFIX_PATH=${CMAKE_PREFIX_PATH}:/home/itachi/ws/kuka_ws/install/joint_space:/home/itachi/ws/r6bot/install/my_trajectory:/opt/ros/jazzy DEBUGINFOD_URLS=https://debuginfod.ubuntu.com /usr/bin/cmake --build /home/itachi/ws/iiwa_ws/build/kuka_description -- -j12 -l12
[0.834s] Invoking command in '/home/itachi/ws/iiwa_ws/build/kuka_description': CMAKE_PREFIX_PATH=${CMAKE_PREFIX_PATH}:/home/itachi/ws/kuka_ws/install/joint_space:/home/itachi/ws/r6bot/install/my_trajectory:/opt/ros/jazzy DEBUGINFOD_URLS=https://debuginfod.ubuntu.com /usr/bin/cmake --install /home/itachi/ws/iiwa_ws/build/kuka_description
[0.840s] -- Install configuration: ""
[0.840s] -- Installing: /home/itachi/ws/iiwa_ws/install/kuka_description/share/kuka_description//meshes
[0.840s] -- Installing: /home/itachi/ws/iiwa_ws/install/kuka_description/share/kuka_description//meshes/link3.STL
[0.840s] -- Installing: /home/itachi/ws/iiwa_ws/install/kuka_description/share/kuka_description//meshes/link3.DAE
[0.840s] -- Installing: /home/itachi/ws/iiwa_ws/install/kuka_description/share/kuka_description//meshes/link4.DAE
[0.840s] -- Installing: /home/itachi/ws/iiwa_ws/install/kuka_description/share/kuka_description//meshes/link5.DAE
[0.841s] -- Installing: /home/itachi/ws/iiwa_ws/install/kuka_description/share/kuka_description//meshes/link6.STL
[0.841s] -- Installing: /home/itachi/ws/iiwa_ws/install/kuka_description/share/kuka_description//meshes/link6.DAE
[0.841s] -- Installing: /home/itachi/ws/iiwa_ws/install/kuka_description/share/kuka_description//meshes/link1.STL
[0.841s] -- Installing: /home/itachi/ws/iiwa_ws/install/kuka_description/share/kuka_description//meshes/link4.STL
[0.841s] -- Installing: /home/itachi/ws/iiwa_ws/install/kuka_description/share/kuka_description//meshes/link5.STL
[0.842s] -- Installing: /home/itachi/ws/iiwa_ws/install/kuka_description/share/kuka_description//meshes/link2.DAE
[0.842s] -- Installing: /home/itachi/ws/iiwa_ws/install/kuka_description/share/kuka_description//meshes/link7.DAE
[0.842s] -- Installing: /home/itachi/ws/iiwa_ws/install/kuka_description/share/kuka_description//meshes/link7.STL
[0.843s] -- Installing: /home/itachi/ws/iiwa_ws/install/kuka_description/share/kuka_description//meshes/base_link.STL
[0.843s] -- Installing: /home/itachi/ws/iiwa_ws/install/kuka_description/share/kuka_description//meshes/link2.STL
[0.843s] -- Installing: /home/itachi/ws/iiwa_ws/install/kuka_description/share/kuka_description//meshes/link1.DAE
[0.843s] -- Installing: /home/itachi/ws/iiwa_ws/install/kuka_description/share/kuka_description//meshes/base_link.DAE
[0.844s] -- Installing: /home/itachi/ws/iiwa_ws/install/kuka_description/share/kuka_description//urdf
[0.844s] -- Installing: /home/itachi/ws/iiwa_ws/install/kuka_description/share/kuka_description//urdf/kuka_iiwa.xacro
[0.844s] -- Installing: /home/itachi/ws/iiwa_ws/install/kuka_description/share/kuka_description//urdf/lbr_iiwa7_r800.csv
[0.844s] -- Installing: /home/itachi/ws/iiwa_ws/install/kuka_description/share/kuka_description//urdf/kuka_gazebo.xacro
[0.844s] -- Installing: /home/itachi/ws/iiwa_ws/install/kuka_description/share/kuka_description//urdf/lbr_iiwa7_r800.urdf
[0.844s] -- Installing: /home/itachi/ws/iiwa_ws/install/kuka_description/share/kuka_description//config
[0.844s] -- Installing: /home/itachi/ws/iiwa_ws/install/kuka_description/share/kuka_description//config/kuka_controllers.yaml
[0.844s] -- Installing: /home/itachi/ws/iiwa_ws/install/kuka_description/share/kuka_description//config/gazebo_bridge.yaml
[0.844s] -- Installing: /home/itachi/ws/iiwa_ws/install/kuka_description/share/kuka_description//launch
[0.844s] -- Installing: /home/itachi/ws/iiwa_ws/install/kuka_description/share/kuka_description//launch/display.launch.xml
[0.844s] -- Installing: /home/itachi/ws/iiwa_ws/install/kuka_description/share/kuka_description//launch/controllers.launch.xml
[0.844s] -- Installing: /home/itachi/ws/iiwa_ws/install/kuka_description/share/kuka_description//rviz
[0.845s] -- Installing: /home/itachi/ws/iiwa_ws/install/kuka_description/share/kuka_description//rviz/urdf_config.rviz
[0.845s] -- Installing: /home/itachi/ws/iiwa_ws/install/kuka_description/share/ament_index/resource_index/package_run_dependencies/kuka_description
[0.845s] -- Installing: /home/itachi/ws/iiwa_ws/install/kuka_description/share/ament_index/resource_index/parent_prefix_path/kuka_description
[0.845s] -- Installing: /home/itachi/ws/iiwa_ws/install/kuka_description/share/kuka_description/environment/ament_prefix_path.sh
[0.845s] -- Installing: /home/itachi/ws/iiwa_ws/install/kuka_description/share/kuka_description/environment/ament_prefix_path.dsv
[0.845s] -- Installing: /home/itachi/ws/iiwa_ws/install/kuka_description/share/kuka_description/environment/path.sh
[0.845s] -- Installing: /home/itachi/ws/iiwa_ws/install/kuka_description/share/kuka_description/environment/path.dsv
[0.845s] -- Installing: /home/itachi/ws/iiwa_ws/install/kuka_description/share/kuka_description/local_setup.bash
[0.845s] -- Installing: /home/itachi/ws/iiwa_ws/install/kuka_description/share/kuka_description/local_setup.sh
[0.845s] -- Installing: /home/itachi/ws/iiwa_ws/install/kuka_description/share/kuka_description/local_setup.zsh
[0.845s] -- Installing: /home/itachi/ws/iiwa_ws/install/kuka_description/share/kuka_description/local_setup.dsv
[0.845s] -- Installing: /home/itachi/ws/iiwa_ws/install/kuka_description/share/kuka_description/package.dsv
[0.845s] -- Installing: /home/itachi/ws/iiwa_ws/install/kuka_description/share/ament_index/resource_index/packages/kuka_description
[0.845s] -- Installing: /home/itachi/ws/iiwa_ws/install/kuka_description/share/kuka_description/cmake/kuka_descriptionConfig.cmake
[0.845s] -- Installing: /home/itachi/ws/iiwa_ws/install/kuka_description/share/kuka_description/cmake/kuka_descriptionConfig-version.cmake
[0.846s] -- Installing: /home/itachi/ws/iiwa_ws/install/kuka_description/share/kuka_description/package.xml
[0.847s] Invoked command in '/home/itachi/ws/iiwa_ws/build/kuka_description' returned '0': CMAKE_PREFIX_PATH=${CMAKE_PREFIX_PATH}:/home/itachi/ws/kuka_ws/install/joint_space:/home/itachi/ws/r6bot/install/my_trajectory:/opt/ros/jazzy DEBUGINFOD_URLS=https://debuginfod.ubuntu.com /usr/bin/cmake --install /home/itachi/ws/iiwa_ws/build/kuka_description
