[0.990s] Invoking command in '/home/itachi/ws/iiwa_ws/src/dh_based': DEBUGINFOD_URLS=https://debuginfod.ubuntu.com PYTHONPATH=/home/itachi/ws/iiwa_ws/build/dh_based/prefix_override:/usr/lib/python3/dist-packages/colcon_core/task/python/colcon_distutils_commands:/home/itachi/ws/iiwa_ws/install/dh_based/lib/python3.12/site-packages:${PYTHONPATH} /usr/bin/python3 -W ignore:setup.py install is deprecated -W ignore:easy_install command is deprecated setup.py egg_info --egg-base ../../build/dh_based build --build-base /home/itachi/ws/iiwa_ws/build/dh_based/build install --record /home/itachi/ws/iiwa_ws/build/dh_based/install.log --single-version-externally-managed install_data
[1.294s] running egg_info
[1.318s] writing ../../build/dh_based/dh_based.egg-info/PKG-INFO
[1.318s] writing dependency_links to ../../build/dh_based/dh_based.egg-info/dependency_links.txt
[1.319s] writing entry points to ../../build/dh_based/dh_based.egg-info/entry_points.txt
[1.319s] writing requirements to ../../build/dh_based/dh_based.egg-info/requires.txt
[1.319s] writing top-level names to ../../build/dh_based/dh_based.egg-info/top_level.txt
[1.365s] reading manifest file '../../build/dh_based/dh_based.egg-info/SOURCES.txt'
[1.365s] adding license file 'LICENSE'
[1.366s] writing manifest file '../../build/dh_based/dh_based.egg-info/SOURCES.txt'
[1.366s] running build
[1.366s] running build_py
[1.366s] copying dh_based/helper_fns.py -> /home/itachi/ws/iiwa_ws/build/dh_based/build/lib/dh_based
[1.366s] copying dh_based/DH_param.py -> /home/itachi/ws/iiwa_ws/build/dh_based/build/lib/dh_based
[1.366s] running install
[1.373s] running install_lib
[1.397s] copying /home/itachi/ws/iiwa_ws/build/dh_based/build/lib/dh_based/helper_fns.py -> /home/itachi/ws/iiwa_ws/install/dh_based/lib/python3.12/site-packages/dh_based
[1.397s] copying /home/itachi/ws/iiwa_ws/build/dh_based/build/lib/dh_based/DH_param.py -> /home/itachi/ws/iiwa_ws/install/dh_based/lib/python3.12/site-packages/dh_based
[1.398s] byte-compiling /home/itachi/ws/iiwa_ws/install/dh_based/lib/python3.12/site-packages/dh_based/helper_fns.py to helper_fns.cpython-312.pyc
[1.399s] byte-compiling /home/itachi/ws/iiwa_ws/install/dh_based/lib/python3.12/site-packages/dh_based/DH_param.py to DH_param.cpython-312.pyc
[1.400s] running install_data
[1.400s] copying package.xml -> /home/itachi/ws/iiwa_ws/install/dh_based/share/dh_based
[1.400s] running install_egg_info
[1.425s] removing '/home/itachi/ws/iiwa_ws/install/dh_based/lib/python3.12/site-packages/dh_based-0.0.0-py3.12.egg-info' (and everything under it)
[1.426s] Copying ../../build/dh_based/dh_based.egg-info to /home/itachi/ws/iiwa_ws/install/dh_based/lib/python3.12/site-packages/dh_based-0.0.0-py3.12.egg-info
[1.426s] running install_scripts
[1.582s] Installing DH_param script to /home/itachi/ws/iiwa_ws/install/dh_based/lib/dh_based
[1.582s] writing list of installed files to '/home/itachi/ws/iiwa_ws/build/dh_based/install.log'
[1.631s] Invoked command in '/home/itachi/ws/iiwa_ws/src/dh_based' returned '0': DEBUGINFOD_URLS=https://debuginfod.ubuntu.com PYTHONPATH=/home/itachi/ws/iiwa_ws/build/dh_based/prefix_override:/usr/lib/python3/dist-packages/colcon_core/task/python/colcon_distutils_commands:/home/itachi/ws/iiwa_ws/install/dh_based/lib/python3.12/site-packages:${PYTHONPATH} /usr/bin/python3 -W ignore:setup.py install is deprecated -W ignore:easy_install command is deprecated setup.py egg_info --egg-base ../../build/dh_based build --build-base /home/itachi/ws/iiwa_ws/build/dh_based/build install --record /home/itachi/ws/iiwa_ws/build/dh_based/install.log --single-version-externally-managed install_data
